[debug] [2020-05-03T19:17:19.354Z] ----------------------------------------------------------------------
[debug] [2020-05-03T19:17:19.356Z] Command:       /Users/bdidukh/.nvm/versions/node/v8.17.0/bin/node /usr/local/bin/firebase functions:shell
[debug] [2020-05-03T19:17:19.356Z] CLI Version:   7.0.1
[debug] [2020-05-03T19:17:19.357Z] Platform:      darwin
[debug] [2020-05-03T19:17:19.357Z] Node Version:  v8.17.0
[debug] [2020-05-03T19:17:19.358Z] Time:          Sun May 03 2020 22:17:19 GMT+0300 (EEST)
[debug] [2020-05-03T19:17:19.358Z] ----------------------------------------------------------------------
[debug] 
[debug] [2020-05-03T19:17:19.374Z] > command requires scopes: ["email","openid","https://www.googleapis.com/auth/cloudplatformprojects.readonly","https://www.googleapis.com/auth/firebase","https://www.googleapis.com/auth/cloud-platform"]
[debug] [2020-05-03T19:17:19.375Z] > authorizing via signed-in user
[debug] [2020-05-03T19:17:19.375Z] [iam] checking project basket-challenge for permissions ["firebase.projects.get"]
[debug] [2020-05-03T19:17:19.376Z] >>> HTTP REQUEST POST https://cloudresourcemanager.googleapis.com/v1/projects/basket-challenge:testIamPermissions  

[debug] [2020-05-03T19:17:20.498Z] <<< HTTP RESPONSE 200
[debug] [2020-05-03T19:17:20.514Z] [functions] Using node@8 from host.
[debug] [2020-05-03T19:17:20.515Z] >>> HTTP REQUEST GET https://cloudresourcemanager.googleapis.com/v1/projects/basket-challenge  
 
[debug] [2020-05-03T19:17:21.433Z] <<< HTTP RESPONSE 200
[debug] [2020-05-03T19:17:21.434Z] >>> HTTP REQUEST GET https://mobilesdk-pa.googleapis.com/v1/projects/12868088025:getServerAppConfig  
 
[debug] [2020-05-03T19:17:21.766Z] <<< HTTP RESPONSE 200
[info] ✔  functions: Emulator started at http://localhost:5001
[debug] [2020-05-03T19:17:21.774Z] [functions] Watching "/Users/bdidukh/WebstormProjects/tech-challenge/functions" for Cloud Functions...
[debug] [2020-05-03T19:17:22.022Z] DEBUG: Functions runtime initialized.
[debug] [2020-05-03T19:17:22.023Z] DEBUG: Disabled runtime features: {"functions_config_helper":true,"network_filtering":true,"timeout":true,"memory_limiting":true,"protect_env":true,"admin_stubs":true}
[debug] [2020-05-03T19:17:22.143Z] DEBUG: firebase-admin has been stubbed.
[warn] ⚠  TypeError: _onRequestWithOpts is not a function
    at Object.httpsProvider._onRequestWithOpts (/usr/local/lib/node_modules/firebase-tools/lib/emulator/functionsEmulatorRuntime.js:231:24)
    at Object.httpsProvider.onRequest (/usr/local/lib/node_modules/firebase-tools/lib/emulator/functionsEmulatorRuntime.js:236:34)
    at Object.<anonymous> (/Users/bdidukh/WebstormProjects/tech-challenge/functions/lib/baskets/getTotal.js:4:38)
    at Module._compile (module.js:653:30)
    at Object.Module._extensions..js (module.js:664:10)
    at Module.load (module.js:566:32)
    at tryModuleLoad (module.js:506:12)
    at Function.Module._load (module.js:498:3)
    at Module.require (module.js:597:17)
    at require (internal/module.js:11:18)
[warn] ⚠  We were unable to load your functions code. (see above)
   - It appears your code is written in Typescript, which must be compiled before emulation.
   - You may be able to run "npm run build" in your functions directory to resolve this.
[debug] [2020-05-03T19:18:26.321Z] ----------------------------------------------------------------------
[debug] [2020-05-03T19:18:26.323Z] Command:       /Users/bdidukh/.nvm/versions/node/v8.17.0/bin/node /usr/local/bin/firebase functions:shell
[debug] [2020-05-03T19:18:26.324Z] CLI Version:   7.0.1
[debug] [2020-05-03T19:18:26.324Z] Platform:      darwin
[debug] [2020-05-03T19:18:26.324Z] Node Version:  v8.17.0
[debug] [2020-05-03T19:18:26.324Z] Time:          Sun May 03 2020 22:18:26 GMT+0300 (EEST)
[debug] [2020-05-03T19:18:26.324Z] ----------------------------------------------------------------------
[debug] 
[debug] [2020-05-03T19:18:26.337Z] > command requires scopes: ["email","openid","https://www.googleapis.com/auth/cloudplatformprojects.readonly","https://www.googleapis.com/auth/firebase","https://www.googleapis.com/auth/cloud-platform"]
[debug] [2020-05-03T19:18:26.338Z] > authorizing via signed-in user
[debug] [2020-05-03T19:18:26.338Z] [iam] checking project basket-challenge for permissions ["firebase.projects.get"]
[debug] [2020-05-03T19:18:26.340Z] >>> HTTP REQUEST POST https://cloudresourcemanager.googleapis.com/v1/projects/basket-challenge:testIamPermissions  

[debug] [2020-05-03T19:18:27.370Z] <<< HTTP RESPONSE 200
[debug] [2020-05-03T19:18:27.378Z] [functions] Using node@8 from host.
[debug] [2020-05-03T19:18:27.378Z] >>> HTTP REQUEST GET https://cloudresourcemanager.googleapis.com/v1/projects/basket-challenge  
 
[debug] [2020-05-03T19:18:28.280Z] <<< HTTP RESPONSE 200
[debug] [2020-05-03T19:18:28.281Z] >>> HTTP REQUEST GET https://mobilesdk-pa.googleapis.com/v1/projects/12868088025:getServerAppConfig  
 
[debug] [2020-05-03T19:18:28.565Z] <<< HTTP RESPONSE 200
[info] ✔  functions: Emulator started at http://localhost:5001
[debug] [2020-05-03T19:18:28.572Z] [functions] Watching "/Users/bdidukh/WebstormProjects/tech-challenge/functions" for Cloud Functions...
[debug] [2020-05-03T19:18:28.825Z] DEBUG: Functions runtime initialized.
[debug] [2020-05-03T19:18:28.825Z] DEBUG: Disabled runtime features: {"functions_config_helper":true,"network_filtering":true,"timeout":true,"memory_limiting":true,"protect_env":true,"admin_stubs":true}
[debug] [2020-05-03T19:18:28.940Z] DEBUG: firebase-admin has been stubbed.
[warn] ⚠  TypeError: _onRequestWithOpts is not a function
    at Object.httpsProvider._onRequestWithOpts (/usr/local/lib/node_modules/firebase-tools/lib/emulator/functionsEmulatorRuntime.js:231:24)
    at Object.httpsProvider.onRequest (/usr/local/lib/node_modules/firebase-tools/lib/emulator/functionsEmulatorRuntime.js:236:34)
    at Object.<anonymous> (/Users/bdidukh/WebstormProjects/tech-challenge/functions/lib/baskets/getTotal.js:4:38)
    at Module._compile (module.js:653:30)
    at Object.Module._extensions..js (module.js:664:10)
    at Module.load (module.js:566:32)
    at tryModuleLoad (module.js:506:12)
    at Function.Module._load (module.js:498:3)
    at Module.require (module.js:597:17)
    at require (internal/module.js:11:18)
[warn] ⚠  We were unable to load your functions code. (see above)
   - It appears your code is written in Typescript, which must be compiled before emulation.
   - You may be able to run "npm run build" in your functions directory to resolve this.
[debug] [2020-05-03T19:19:02.325Z] ----------------------------------------------------------------------
[debug] [2020-05-03T19:19:02.327Z] Command:       /Users/bdidukh/.nvm/versions/node/v8.17.0/bin/node /usr/local/bin/firebase functions:shell
[debug] [2020-05-03T19:19:02.328Z] CLI Version:   7.0.1
[debug] [2020-05-03T19:19:02.328Z] Platform:      darwin
[debug] [2020-05-03T19:19:02.328Z] Node Version:  v8.17.0
[debug] [2020-05-03T19:19:02.328Z] Time:          Sun May 03 2020 22:19:02 GMT+0300 (EEST)
[debug] [2020-05-03T19:19:02.328Z] ----------------------------------------------------------------------
[debug] 
[debug] [2020-05-03T19:19:02.340Z] > command requires scopes: ["email","openid","https://www.googleapis.com/auth/cloudplatformprojects.readonly","https://www.googleapis.com/auth/firebase","https://www.googleapis.com/auth/cloud-platform"]
[debug] [2020-05-03T19:19:02.340Z] > authorizing via signed-in user
[debug] [2020-05-03T19:19:02.340Z] [iam] checking project basket-challenge for permissions ["firebase.projects.get"]
[debug] [2020-05-03T19:19:02.342Z] >>> HTTP REQUEST POST https://cloudresourcemanager.googleapis.com/v1/projects/basket-challenge:testIamPermissions  

[debug] [2020-05-03T19:19:03.346Z] <<< HTTP RESPONSE 200
[debug] [2020-05-03T19:19:03.360Z] [functions] Using node@8 from host.
[debug] [2020-05-03T19:19:03.360Z] >>> HTTP REQUEST GET https://cloudresourcemanager.googleapis.com/v1/projects/basket-challenge  
 
[debug] [2020-05-03T19:19:04.271Z] <<< HTTP RESPONSE 200
[debug] [2020-05-03T19:19:04.272Z] >>> HTTP REQUEST GET https://mobilesdk-pa.googleapis.com/v1/projects/12868088025:getServerAppConfig  
 
[debug] [2020-05-03T19:19:04.525Z] <<< HTTP RESPONSE 200
[info] ✔  functions: Emulator started at http://localhost:5001
[debug] [2020-05-03T19:19:04.531Z] [functions] Watching "/Users/bdidukh/WebstormProjects/tech-challenge/functions" for Cloud Functions...
[debug] [2020-05-03T19:19:04.811Z] DEBUG: Functions runtime initialized.
[debug] [2020-05-03T19:19:04.812Z] DEBUG: Disabled runtime features: {"functions_config_helper":true,"network_filtering":true,"timeout":true,"memory_limiting":true,"protect_env":true,"admin_stubs":true}
[debug] [2020-05-03T19:19:04.889Z] DEBUG: firebase-admin has been stubbed.
[warn] ⚠  TypeError: _onRequestWithOpts is not a function
    at Object.httpsProvider._onRequestWithOpts (/usr/local/lib/node_modules/firebase-tools/lib/emulator/functionsEmulatorRuntime.js:231:24)
    at Object.httpsProvider.onRequest (/usr/local/lib/node_modules/firebase-tools/lib/emulator/functionsEmulatorRuntime.js:236:34)
    at Object.<anonymous> (/Users/bdidukh/WebstormProjects/tech-challenge/functions/lib/baskets/getTotal.js:4:38)
    at Module._compile (module.js:653:30)
    at Object.Module._extensions..js (module.js:664:10)
    at Module.load (module.js:566:32)
    at tryModuleLoad (module.js:506:12)
    at Function.Module._load (module.js:498:3)
    at Module.require (module.js:597:17)
    at require (internal/module.js:11:18)
[warn] ⚠  We were unable to load your functions code. (see above)
   - It appears your code is written in Typescript, which must be compiled before emulation.
   - You may be able to run "npm run build" in your functions directory to resolve this.
[debug] [2020-05-03T19:23:00.388Z] DEBUG: File /Users/bdidukh/WebstormProjects/tech-challenge/functions/src/baskets/getTotal.ts changed, reloading triggers
[debug] [2020-05-03T19:23:01.804Z] DEBUG: Functions runtime initialized.
[debug] [2020-05-03T19:23:01.805Z] DEBUG: Disabled runtime features: {"functions_config_helper":true,"network_filtering":true,"timeout":true,"memory_limiting":true,"protect_env":true,"admin_stubs":true}
[debug] [2020-05-03T19:23:01.898Z] DEBUG: firebase-admin has been stubbed.
[warn] ⚠  TypeError: _onRequestWithOpts is not a function
    at Object.httpsProvider._onRequestWithOpts (/usr/local/lib/node_modules/firebase-tools/lib/emulator/functionsEmulatorRuntime.js:231:24)
    at Object.httpsProvider.onRequest (/usr/local/lib/node_modules/firebase-tools/lib/emulator/functionsEmulatorRuntime.js:236:34)
    at Object.<anonymous> (/Users/bdidukh/WebstormProjects/tech-challenge/functions/lib/baskets/getTotal.js:4:38)
    at Module._compile (module.js:653:30)
    at Object.Module._extensions..js (module.js:664:10)
    at Module.load (module.js:566:32)
    at tryModuleLoad (module.js:506:12)
    at Function.Module._load (module.js:498:3)
    at Module.require (module.js:597:17)
    at require (internal/module.js:11:18)
[warn] ⚠  We were unable to load your functions code. (see above)
   - It appears your code is written in Typescript, which must be compiled before emulation.
   - You may be able to run "npm run build" in your functions directory to resolve this.
[debug] [2020-05-03T19:23:17.012Z] DEBUG: File /Users/bdidukh/WebstormProjects/tech-challenge/functions/src/baskets/getTotal.ts changed, reloading triggers
[debug] [2020-05-03T19:23:18.412Z] DEBUG: Functions runtime initialized.
[debug] [2020-05-03T19:23:18.414Z] DEBUG: Disabled runtime features: {"functions_config_helper":true,"network_filtering":true,"timeout":true,"memory_limiting":true,"protect_env":true,"admin_stubs":true}
[debug] [2020-05-03T19:23:18.547Z] DEBUG: firebase-admin has been stubbed.
[warn] ⚠  TypeError: _onRequestWithOpts is not a function
    at Object.httpsProvider._onRequestWithOpts (/usr/local/lib/node_modules/firebase-tools/lib/emulator/functionsEmulatorRuntime.js:231:24)
    at Object.httpsProvider.onRequest (/usr/local/lib/node_modules/firebase-tools/lib/emulator/functionsEmulatorRuntime.js:236:34)
    at Object.<anonymous> (/Users/bdidukh/WebstormProjects/tech-challenge/functions/lib/baskets/getTotal.js:4:38)
    at Module._compile (module.js:653:30)
    at Object.Module._extensions..js (module.js:664:10)
    at Module.load (module.js:566:32)
    at tryModuleLoad (module.js:506:12)
    at Function.Module._load (module.js:498:3)
    at Module.require (module.js:597:17)
    at require (internal/module.js:11:18)
[warn] ⚠  We were unable to load your functions code. (see above)
   - It appears your code is written in Typescript, which must be compiled before emulation.
   - You may be able to run "npm run build" in your functions directory to resolve this.
[debug] [2020-05-03T19:27:23.615Z] DEBUG: File /Users/bdidukh/WebstormProjects/tech-challenge/functions/src/__tests__/config.ts changed, reloading triggers
[debug] [2020-05-03T19:27:23.922Z] DEBUG: File /Users/bdidukh/WebstormProjects/tech-challenge/functions/src/__tests__/config.ts changed, reloading triggers
[debug] [2020-05-03T19:27:25.378Z] DEBUG: Functions runtime initialized.
[debug] [2020-05-03T19:27:25.379Z] DEBUG: Disabled runtime features: {"functions_config_helper":true,"network_filtering":true,"timeout":true,"memory_limiting":true,"protect_env":true,"admin_stubs":true}
[debug] [2020-05-03T19:27:25.476Z] DEBUG: firebase-admin has been stubbed.
[warn] ⚠  TypeError: _onRequestWithOpts is not a function
    at Object.httpsProvider._onRequestWithOpts (/usr/local/lib/node_modules/firebase-tools/lib/emulator/functionsEmulatorRuntime.js:231:24)
    at Object.httpsProvider.onRequest (/usr/local/lib/node_modules/firebase-tools/lib/emulator/functionsEmulatorRuntime.js:236:34)
    at Object.<anonymous> (/Users/bdidukh/WebstormProjects/tech-challenge/functions/lib/baskets/getTotal.js:4:38)
    at Module._compile (module.js:653:30)
    at Object.Module._extensions..js (module.js:664:10)
    at Module.load (module.js:566:32)
    at tryModuleLoad (module.js:506:12)
    at Function.Module._load (module.js:498:3)
    at Module.require (module.js:597:17)
    at require (internal/module.js:11:18)
[warn] ⚠  We were unable to load your functions code. (see above)
   - It appears your code is written in Typescript, which must be compiled before emulation.
   - You may be able to run "npm run build" in your functions directory to resolve this.
[debug] [2020-05-03T19:30:37.632Z] DEBUG: File /Users/bdidukh/WebstormProjects/tech-challenge/functions/package.json changed, reloading triggers
[debug] [2020-05-03T19:30:38.977Z] DEBUG: Functions runtime initialized.
[debug] [2020-05-03T19:30:38.978Z] DEBUG: Disabled runtime features: {"functions_config_helper":true,"network_filtering":true,"timeout":true,"memory_limiting":true,"protect_env":true,"admin_stubs":true}
[debug] [2020-05-03T19:30:39.106Z] DEBUG: firebase-admin has been stubbed.
[warn] ⚠  TypeError: _onRequestWithOpts is not a function
    at Object.httpsProvider._onRequestWithOpts (/usr/local/lib/node_modules/firebase-tools/lib/emulator/functionsEmulatorRuntime.js:231:24)
    at Object.httpsProvider.onRequest (/usr/local/lib/node_modules/firebase-tools/lib/emulator/functionsEmulatorRuntime.js:236:34)
    at Object.<anonymous> (/Users/bdidukh/WebstormProjects/tech-challenge/functions/lib/baskets/getTotal.js:4:38)
    at Module._compile (module.js:653:30)
    at Object.Module._extensions..js (module.js:664:10)
    at Module.load (module.js:566:32)
    at tryModuleLoad (module.js:506:12)
    at Function.Module._load (module.js:498:3)
    at Module.require (module.js:597:17)
    at require (internal/module.js:11:18)
[warn] ⚠  We were unable to load your functions code. (see above)
   - It appears your code is written in Typescript, which must be compiled before emulation.
   - You may be able to run "npm run build" in your functions directory to resolve this.
[debug] [2020-05-03T19:30:48.863Z] DEBUG: File /Users/bdidukh/WebstormProjects/tech-challenge/functions/package.json changed, reloading triggers
[debug] [2020-05-03T19:30:50.296Z] DEBUG: Functions runtime initialized.
[debug] [2020-05-03T19:30:50.296Z] DEBUG: Disabled runtime features: {"functions_config_helper":true,"network_filtering":true,"timeout":true,"memory_limiting":true,"protect_env":true,"admin_stubs":true}
[debug] [2020-05-03T19:30:50.366Z] DEBUG: firebase-admin has been stubbed.
[warn] ⚠  TypeError: _onRequestWithOpts is not a function
    at Object.httpsProvider._onRequestWithOpts (/usr/local/lib/node_modules/firebase-tools/lib/emulator/functionsEmulatorRuntime.js:231:24)
    at Object.httpsProvider.onRequest (/usr/local/lib/node_modules/firebase-tools/lib/emulator/functionsEmulatorRuntime.js:236:34)
    at Object.<anonymous> (/Users/bdidukh/WebstormProjects/tech-challenge/functions/lib/baskets/getTotal.js:4:38)
    at Module._compile (module.js:653:30)
    at Object.Module._extensions..js (module.js:664:10)
    at Module.load (module.js:566:32)
    at tryModuleLoad (module.js:506:12)
    at Function.Module._load (module.js:498:3)
    at Module.require (module.js:597:17)
    at require (internal/module.js:11:18)
[warn] ⚠  We were unable to load your functions code. (see above)
   - It appears your code is written in Typescript, which must be compiled before emulation.
   - You may be able to run "npm run build" in your functions directory to resolve this.
[debug] [2020-05-03T19:31:47.401Z] DEBUG: File /Users/bdidukh/WebstormProjects/tech-challenge/functions/src/__tests__/config.ts changed, reloading triggers
[debug] [2020-05-03T19:31:47.809Z] DEBUG: File /Users/bdidukh/WebstormProjects/tech-challenge/functions/src/__tests__/config.ts changed, reloading triggers
[debug] [2020-05-03T19:31:49.083Z] DEBUG: Functions runtime initialized.
[debug] [2020-05-03T19:31:49.083Z] DEBUG: Disabled runtime features: {"functions_config_helper":true,"network_filtering":true,"timeout":true,"memory_limiting":true,"protect_env":true,"admin_stubs":true}
[debug] [2020-05-03T19:31:49.152Z] DEBUG: firebase-admin has been stubbed.
[warn] ⚠  TypeError: _onRequestWithOpts is not a function
    at Object.httpsProvider._onRequestWithOpts (/usr/local/lib/node_modules/firebase-tools/lib/emulator/functionsEmulatorRuntime.js:231:24)
    at Object.httpsProvider.onRequest (/usr/local/lib/node_modules/firebase-tools/lib/emulator/functionsEmulatorRuntime.js:236:34)
    at Object.<anonymous> (/Users/bdidukh/WebstormProjects/tech-challenge/functions/lib/baskets/getTotal.js:4:38)
    at Module._compile (module.js:653:30)
    at Object.Module._extensions..js (module.js:664:10)
    at Module.load (module.js:566:32)
    at tryModuleLoad (module.js:506:12)
    at Function.Module._load (module.js:498:3)
    at Module.require (module.js:597:17)
    at require (internal/module.js:11:18)
[warn] ⚠  We were unable to load your functions code. (see above)
   - It appears your code is written in Typescript, which must be compiled before emulation.
   - You may be able to run "npm run build" in your functions directory to resolve this.
[debug] [2020-05-03T19:33:09.757Z] DEBUG: File /Users/bdidukh/WebstormProjects/tech-challenge/functions/src/__tests__/config.ts changed, reloading triggers
[debug] [2020-05-03T19:33:10.165Z] DEBUG: File /Users/bdidukh/WebstormProjects/tech-challenge/functions/src/__tests__/config.ts changed, reloading triggers
[debug] [2020-05-03T19:33:11.434Z] DEBUG: Functions runtime initialized.
[debug] [2020-05-03T19:33:11.434Z] DEBUG: Disabled runtime features: {"functions_config_helper":true,"network_filtering":true,"timeout":true,"memory_limiting":true,"protect_env":true,"admin_stubs":true}
[debug] [2020-05-03T19:33:11.500Z] DEBUG: firebase-admin has been stubbed.
[warn] ⚠  TypeError: _onRequestWithOpts is not a function
    at Object.httpsProvider._onRequestWithOpts (/usr/local/lib/node_modules/firebase-tools/lib/emulator/functionsEmulatorRuntime.js:231:24)
    at Object.httpsProvider.onRequest (/usr/local/lib/node_modules/firebase-tools/lib/emulator/functionsEmulatorRuntime.js:236:34)
    at Object.<anonymous> (/Users/bdidukh/WebstormProjects/tech-challenge/functions/lib/baskets/getTotal.js:4:38)
    at Module._compile (module.js:653:30)
    at Object.Module._extensions..js (module.js:664:10)
    at Module.load (module.js:566:32)
    at tryModuleLoad (module.js:506:12)
    at Function.Module._load (module.js:498:3)
    at Module.require (module.js:597:17)
    at require (internal/module.js:11:18)
[warn] ⚠  We were unable to load your functions code. (see above)
   - It appears your code is written in Typescript, which must be compiled before emulation.
   - You may be able to run "npm run build" in your functions directory to resolve this.
[debug] [2020-05-03T19:33:20.387Z] DEBUG: File /Users/bdidukh/WebstormProjects/tech-challenge/functions/package.json changed, reloading triggers
[debug] [2020-05-03T19:33:20.387Z] DEBUG: File /Users/bdidukh/WebstormProjects/tech-challenge/functions/yarn.lock changed, reloading triggers
[debug] [2020-05-03T19:33:21.655Z] DEBUG: Functions runtime initialized.
[debug] [2020-05-03T19:33:21.655Z] DEBUG: Disabled runtime features: {"functions_config_helper":true,"network_filtering":true,"timeout":true,"memory_limiting":true,"protect_env":true,"admin_stubs":true}
[debug] [2020-05-03T19:33:21.741Z] DEBUG: firebase-admin has been stubbed.
[warn] ⚠  TypeError: _onRequestWithOpts is not a function
    at Object.httpsProvider._onRequestWithOpts (/usr/local/lib/node_modules/firebase-tools/lib/emulator/functionsEmulatorRuntime.js:231:24)
    at Object.httpsProvider.onRequest (/usr/local/lib/node_modules/firebase-tools/lib/emulator/functionsEmulatorRuntime.js:236:34)
    at Object.<anonymous> (/Users/bdidukh/WebstormProjects/tech-challenge/functions/lib/baskets/getTotal.js:4:38)
    at Module._compile (module.js:653:30)
    at Object.Module._extensions..js (module.js:664:10)
    at Module.load (module.js:566:32)
    at tryModuleLoad (module.js:506:12)
    at Function.Module._load (module.js:498:3)
    at Module.require (module.js:597:17)
    at require (internal/module.js:11:18)
[warn] ⚠  We were unable to load your functions code. (see above)
   - It appears your code is written in Typescript, which must be compiled before emulation.
   - You may be able to run "npm run build" in your functions directory to resolve this.
[debug] [2020-05-03T19:33:30.313Z] DEBUG: File /Users/bdidukh/WebstormProjects/tech-challenge/functions/src/__tests__/config.ts changed, reloading triggers
[debug] [2020-05-03T19:33:31.826Z] DEBUG: Functions runtime initialized.
[debug] [2020-05-03T19:33:31.827Z] DEBUG: Disabled runtime features: {"functions_config_helper":true,"network_filtering":true,"timeout":true,"memory_limiting":true,"protect_env":true,"admin_stubs":true}
[debug] [2020-05-03T19:33:31.935Z] DEBUG: firebase-admin has been stubbed.
[warn] ⚠  TypeError: _onRequestWithOpts is not a function
    at Object.httpsProvider._onRequestWithOpts (/usr/local/lib/node_modules/firebase-tools/lib/emulator/functionsEmulatorRuntime.js:231:24)
    at Object.httpsProvider.onRequest (/usr/local/lib/node_modules/firebase-tools/lib/emulator/functionsEmulatorRuntime.js:236:34)
    at Object.<anonymous> (/Users/bdidukh/WebstormProjects/tech-challenge/functions/lib/baskets/getTotal.js:4:38)
    at Module._compile (module.js:653:30)
    at Object.Module._extensions..js (module.js:664:10)
    at Module.load (module.js:566:32)
    at tryModuleLoad (module.js:506:12)
    at Function.Module._load (module.js:498:3)
    at Module.require (module.js:597:17)
    at require (internal/module.js:11:18)
[warn] ⚠  We were unable to load your functions code. (see above)
   - It appears your code is written in Typescript, which must be compiled before emulation.
   - You may be able to run "npm run build" in your functions directory to resolve this.
[debug] [2020-05-03T19:38:08.964Z] DEBUG: File /Users/bdidukh/WebstormProjects/tech-challenge/functions/src/__tests__/config.ts changed, reloading triggers
[debug] [2020-05-03T19:38:09.269Z] DEBUG: File /Users/bdidukh/WebstormProjects/tech-challenge/functions/src/__tests__/config.ts changed, reloading triggers
[debug] [2020-05-03T19:38:10.635Z] DEBUG: Functions runtime initialized.
[debug] [2020-05-03T19:38:10.635Z] DEBUG: Disabled runtime features: {"functions_config_helper":true,"network_filtering":true,"timeout":true,"memory_limiting":true,"protect_env":true,"admin_stubs":true}
[debug] [2020-05-03T19:38:10.704Z] DEBUG: firebase-admin has been stubbed.
[warn] ⚠  TypeError: _onRequestWithOpts is not a function
    at Object.httpsProvider._onRequestWithOpts (/usr/local/lib/node_modules/firebase-tools/lib/emulator/functionsEmulatorRuntime.js:231:24)
    at Object.httpsProvider.onRequest (/usr/local/lib/node_modules/firebase-tools/lib/emulator/functionsEmulatorRuntime.js:236:34)
    at Object.<anonymous> (/Users/bdidukh/WebstormProjects/tech-challenge/functions/lib/baskets/getTotal.js:4:38)
    at Module._compile (module.js:653:30)
    at Object.Module._extensions..js (module.js:664:10)
    at Module.load (module.js:566:32)
    at tryModuleLoad (module.js:506:12)
    at Function.Module._load (module.js:498:3)
    at Module.require (module.js:597:17)
    at require (internal/module.js:11:18)
[warn] ⚠  We were unable to load your functions code. (see above)
   - It appears your code is written in Typescript, which must be compiled before emulation.
   - You may be able to run "npm run build" in your functions directory to resolve this.
[debug] [2020-05-03T19:38:25.793Z] DEBUG: File /Users/bdidukh/WebstormProjects/tech-challenge/functions/src/__tests__/config.ts changed, reloading triggers
[debug] [2020-05-03T19:38:26.196Z] DEBUG: File /Users/bdidukh/WebstormProjects/tech-challenge/functions/src/__tests__/config.ts changed, reloading triggers
[debug] [2020-05-03T19:38:27.480Z] DEBUG: Functions runtime initialized.
[debug] [2020-05-03T19:38:27.481Z] DEBUG: Disabled runtime features: {"functions_config_helper":true,"network_filtering":true,"timeout":true,"memory_limiting":true,"protect_env":true,"admin_stubs":true}
[debug] [2020-05-03T19:38:27.558Z] DEBUG: firebase-admin has been stubbed.
[warn] ⚠  TypeError: _onRequestWithOpts is not a function
    at Object.httpsProvider._onRequestWithOpts (/usr/local/lib/node_modules/firebase-tools/lib/emulator/functionsEmulatorRuntime.js:231:24)
    at Object.httpsProvider.onRequest (/usr/local/lib/node_modules/firebase-tools/lib/emulator/functionsEmulatorRuntime.js:236:34)
    at Object.<anonymous> (/Users/bdidukh/WebstormProjects/tech-challenge/functions/lib/baskets/getTotal.js:4:38)
    at Module._compile (module.js:653:30)
    at Object.Module._extensions..js (module.js:664:10)
    at Module.load (module.js:566:32)
    at tryModuleLoad (module.js:506:12)
    at Function.Module._load (module.js:498:3)
    at Module.require (module.js:597:17)
    at require (internal/module.js:11:18)
[warn] ⚠  We were unable to load your functions code. (see above)
   - It appears your code is written in Typescript, which must be compiled before emulation.
   - You may be able to run "npm run build" in your functions directory to resolve this.
[debug] [2020-05-03T19:42:13.607Z] DEBUG: File /Users/bdidukh/WebstormProjects/tech-challenge/functions/src/__tests__/config.ts changed, reloading triggers
[debug] [2020-05-03T19:42:14.898Z] DEBUG: Functions runtime initialized.
[debug] [2020-05-03T19:42:14.899Z] DEBUG: Disabled runtime features: {"functions_config_helper":true,"network_filtering":true,"timeout":true,"memory_limiting":true,"protect_env":true,"admin_stubs":true}
[debug] [2020-05-03T19:42:14.971Z] DEBUG: firebase-admin has been stubbed.
[warn] ⚠  TypeError: _onRequestWithOpts is not a function
    at Object.httpsProvider._onRequestWithOpts (/usr/local/lib/node_modules/firebase-tools/lib/emulator/functionsEmulatorRuntime.js:231:24)
    at Object.httpsProvider.onRequest (/usr/local/lib/node_modules/firebase-tools/lib/emulator/functionsEmulatorRuntime.js:236:34)
    at Object.<anonymous> (/Users/bdidukh/WebstormProjects/tech-challenge/functions/lib/baskets/getTotal.js:4:38)
    at Module._compile (module.js:653:30)
    at Object.Module._extensions..js (module.js:664:10)
    at Module.load (module.js:566:32)
    at tryModuleLoad (module.js:506:12)
    at Function.Module._load (module.js:498:3)
    at Module.require (module.js:597:17)
    at require (internal/module.js:11:18)
[warn] ⚠  We were unable to load your functions code. (see above)
   - It appears your code is written in Typescript, which must be compiled before emulation.
   - You may be able to run "npm run build" in your functions directory to resolve this.
[debug] [2020-05-03T19:44:17.443Z] DEBUG: File /Users/bdidukh/WebstormProjects/tech-challenge/functions/package.json changed, reloading triggers
[debug] [2020-05-03T19:44:18.711Z] DEBUG: Functions runtime initialized.
[debug] [2020-05-03T19:44:18.711Z] DEBUG: Disabled runtime features: {"functions_config_helper":true,"network_filtering":true,"timeout":true,"memory_limiting":true,"protect_env":true,"admin_stubs":true}
[debug] [2020-05-03T19:44:18.794Z] DEBUG: firebase-admin has been stubbed.
[warn] ⚠  TypeError: _onRequestWithOpts is not a function
    at Object.httpsProvider._onRequestWithOpts (/usr/local/lib/node_modules/firebase-tools/lib/emulator/functionsEmulatorRuntime.js:231:24)
    at Object.httpsProvider.onRequest (/usr/local/lib/node_modules/firebase-tools/lib/emulator/functionsEmulatorRuntime.js:236:34)
    at Object.<anonymous> (/Users/bdidukh/WebstormProjects/tech-challenge/functions/lib/baskets/getTotal.js:4:38)
    at Module._compile (module.js:653:30)
    at Object.Module._extensions..js (module.js:664:10)
    at Module.load (module.js:566:32)
    at tryModuleLoad (module.js:506:12)
    at Function.Module._load (module.js:498:3)
    at Module.require (module.js:597:17)
    at require (internal/module.js:11:18)
[warn] ⚠  We were unable to load your functions code. (see above)
   - It appears your code is written in Typescript, which must be compiled before emulation.
   - You may be able to run "npm run build" in your functions directory to resolve this.
[debug] [2020-05-03T19:44:23.481Z] DEBUG: File /Users/bdidukh/WebstormProjects/tech-challenge/functions/yarn.lock changed, reloading triggers
[debug] [2020-05-03T19:44:24.736Z] DEBUG: Functions runtime initialized.
[debug] [2020-05-03T19:44:24.736Z] DEBUG: Disabled runtime features: {"functions_config_helper":true,"network_filtering":true,"timeout":true,"memory_limiting":true,"protect_env":true,"admin_stubs":true}
[debug] [2020-05-03T19:44:24.809Z] DEBUG: firebase-admin has been stubbed.
[warn] ⚠  TypeError: _onRequestWithOpts is not a function
    at Object.httpsProvider._onRequestWithOpts (/usr/local/lib/node_modules/firebase-tools/lib/emulator/functionsEmulatorRuntime.js:231:24)
    at Object.httpsProvider.onRequest (/usr/local/lib/node_modules/firebase-tools/lib/emulator/functionsEmulatorRuntime.js:236:34)
    at Object.<anonymous> (/Users/bdidukh/WebstormProjects/tech-challenge/functions/lib/baskets/getTotal.js:4:38)
    at Module._compile (module.js:653:30)
    at Object.Module._extensions..js (module.js:664:10)
    at Module.load (module.js:566:32)
    at tryModuleLoad (module.js:506:12)
    at Function.Module._load (module.js:498:3)
    at Module.require (module.js:597:17)
    at require (internal/module.js:11:18)
[warn] ⚠  We were unable to load your functions code. (see above)
   - It appears your code is written in Typescript, which must be compiled before emulation.
   - You may be able to run "npm run build" in your functions directory to resolve this.
[debug] [2020-05-03T19:44:39.479Z] DEBUG: File /Users/bdidukh/WebstormProjects/tech-challenge/functions/src/__tests__/config.ts changed, reloading triggers
[debug] [2020-05-03T19:44:40.737Z] DEBUG: Functions runtime initialized.
[debug] [2020-05-03T19:44:40.738Z] DEBUG: Disabled runtime features: {"functions_config_helper":true,"network_filtering":true,"timeout":true,"memory_limiting":true,"protect_env":true,"admin_stubs":true}
[debug] [2020-05-03T19:44:40.804Z] DEBUG: firebase-admin has been stubbed.
[warn] ⚠  TypeError: _onRequestWithOpts is not a function
    at Object.httpsProvider._onRequestWithOpts (/usr/local/lib/node_modules/firebase-tools/lib/emulator/functionsEmulatorRuntime.js:231:24)
    at Object.httpsProvider.onRequest (/usr/local/lib/node_modules/firebase-tools/lib/emulator/functionsEmulatorRuntime.js:236:34)
    at Object.<anonymous> (/Users/bdidukh/WebstormProjects/tech-challenge/functions/lib/baskets/getTotal.js:4:38)
    at Module._compile (module.js:653:30)
    at Object.Module._extensions..js (module.js:664:10)
    at Module.load (module.js:566:32)
    at tryModuleLoad (module.js:506:12)
    at Function.Module._load (module.js:498:3)
    at Module.require (module.js:597:17)
    at require (internal/module.js:11:18)
[warn] ⚠  We were unable to load your functions code. (see above)
   - It appears your code is written in Typescript, which must be compiled before emulation.
   - You may be able to run "npm run build" in your functions directory to resolve this.
[debug] [2020-05-03T19:48:51.213Z] DEBUG: File /Users/bdidukh/WebstormProjects/tech-challenge/functions/src/__tests__/baskets/getTotal.test.ts changed, reloading triggers
[debug] [2020-05-03T19:48:51.631Z] DEBUG: File /Users/bdidukh/WebstormProjects/tech-challenge/functions/src/__tests__/baskets/getTotal.test.ts changed, reloading triggers
[debug] [2020-05-03T19:48:52.912Z] DEBUG: Functions runtime initialized.
[debug] [2020-05-03T19:48:52.913Z] DEBUG: Disabled runtime features: {"functions_config_helper":true,"network_filtering":true,"timeout":true,"memory_limiting":true,"protect_env":true,"admin_stubs":true}
[debug] [2020-05-03T19:48:52.985Z] DEBUG: firebase-admin has been stubbed.
[warn] ⚠  TypeError: _onRequestWithOpts is not a function
    at Object.httpsProvider._onRequestWithOpts (/usr/local/lib/node_modules/firebase-tools/lib/emulator/functionsEmulatorRuntime.js:231:24)
    at Object.httpsProvider.onRequest (/usr/local/lib/node_modules/firebase-tools/lib/emulator/functionsEmulatorRuntime.js:236:34)
    at Object.<anonymous> (/Users/bdidukh/WebstormProjects/tech-challenge/functions/lib/baskets/getTotal.js:4:38)
    at Module._compile (module.js:653:30)
    at Object.Module._extensions..js (module.js:664:10)
    at Module.load (module.js:566:32)
    at tryModuleLoad (module.js:506:12)
    at Function.Module._load (module.js:498:3)
    at Module.require (module.js:597:17)
    at require (internal/module.js:11:18)
[warn] ⚠  We were unable to load your functions code. (see above)
   - It appears your code is written in Typescript, which must be compiled before emulation.
   - You may be able to run "npm run build" in your functions directory to resolve this.
[debug] [2020-05-03T19:49:11.108Z] DEBUG: File /Users/bdidukh/WebstormProjects/tech-challenge/functions/src/__tests__/baskets/getTotal.test.ts changed, reloading triggers
[debug] [2020-05-03T19:49:11.517Z] DEBUG: File /Users/bdidukh/WebstormProjects/tech-challenge/functions/src/__tests__/baskets/getTotal.test.ts changed, reloading triggers
[debug] [2020-05-03T19:49:12.787Z] DEBUG: Functions runtime initialized.
[debug] [2020-05-03T19:49:12.788Z] DEBUG: Disabled runtime features: {"functions_config_helper":true,"network_filtering":true,"timeout":true,"memory_limiting":true,"protect_env":true,"admin_stubs":true}
[debug] [2020-05-03T19:49:12.860Z] DEBUG: firebase-admin has been stubbed.
[warn] ⚠  TypeError: _onRequestWithOpts is not a function
    at Object.httpsProvider._onRequestWithOpts (/usr/local/lib/node_modules/firebase-tools/lib/emulator/functionsEmulatorRuntime.js:231:24)
    at Object.httpsProvider.onRequest (/usr/local/lib/node_modules/firebase-tools/lib/emulator/functionsEmulatorRuntime.js:236:34)
    at Object.<anonymous> (/Users/bdidukh/WebstormProjects/tech-challenge/functions/lib/baskets/getTotal.js:4:38)
    at Module._compile (module.js:653:30)
    at Object.Module._extensions..js (module.js:664:10)
    at Module.load (module.js:566:32)
    at tryModuleLoad (module.js:506:12)
    at Function.Module._load (module.js:498:3)
    at Module.require (module.js:597:17)
    at require (internal/module.js:11:18)
[warn] ⚠  We were unable to load your functions code. (see above)
   - It appears your code is written in Typescript, which must be compiled before emulation.
   - You may be able to run "npm run build" in your functions directory to resolve this.
[debug] [2020-05-03T19:49:21.929Z] DEBUG: File /Users/bdidukh/WebstormProjects/tech-challenge/functions/src/__tests__/baskets/getTotal.test.ts changed, reloading triggers
[debug] [2020-05-03T19:49:23.210Z] DEBUG: Functions runtime initialized.
[debug] [2020-05-03T19:49:23.210Z] DEBUG: Disabled runtime features: {"functions_config_helper":true,"network_filtering":true,"timeout":true,"memory_limiting":true,"protect_env":true,"admin_stubs":true}
[debug] [2020-05-03T19:49:23.274Z] DEBUG: firebase-admin has been stubbed.
[warn] ⚠  TypeError: _onRequestWithOpts is not a function
    at Object.httpsProvider._onRequestWithOpts (/usr/local/lib/node_modules/firebase-tools/lib/emulator/functionsEmulatorRuntime.js:231:24)
    at Object.httpsProvider.onRequest (/usr/local/lib/node_modules/firebase-tools/lib/emulator/functionsEmulatorRuntime.js:236:34)
    at Object.<anonymous> (/Users/bdidukh/WebstormProjects/tech-challenge/functions/lib/baskets/getTotal.js:4:38)
    at Module._compile (module.js:653:30)
    at Object.Module._extensions..js (module.js:664:10)
    at Module.load (module.js:566:32)
    at tryModuleLoad (module.js:506:12)
    at Function.Module._load (module.js:498:3)
    at Module.require (module.js:597:17)
    at require (internal/module.js:11:18)
[warn] ⚠  We were unable to load your functions code. (see above)
   - It appears your code is written in Typescript, which must be compiled before emulation.
   - You may be able to run "npm run build" in your functions directory to resolve this.
[debug] [2020-05-03T19:49:44.671Z] DEBUG: File /Users/bdidukh/WebstormProjects/tech-challenge/functions/src/__tests__/baskets/getTotal.test.ts changed, reloading triggers
[debug] [2020-05-03T19:49:45.934Z] DEBUG: Functions runtime initialized.
[debug] [2020-05-03T19:49:45.934Z] DEBUG: Disabled runtime features: {"functions_config_helper":true,"network_filtering":true,"timeout":true,"memory_limiting":true,"protect_env":true,"admin_stubs":true}
[debug] [2020-05-03T19:49:45.997Z] DEBUG: firebase-admin has been stubbed.
[warn] ⚠  TypeError: _onRequestWithOpts is not a function
    at Object.httpsProvider._onRequestWithOpts (/usr/local/lib/node_modules/firebase-tools/lib/emulator/functionsEmulatorRuntime.js:231:24)
    at Object.httpsProvider.onRequest (/usr/local/lib/node_modules/firebase-tools/lib/emulator/functionsEmulatorRuntime.js:236:34)
    at Object.<anonymous> (/Users/bdidukh/WebstormProjects/tech-challenge/functions/lib/baskets/getTotal.js:4:38)
    at Module._compile (module.js:653:30)
    at Object.Module._extensions..js (module.js:664:10)
    at Module.load (module.js:566:32)
    at tryModuleLoad (module.js:506:12)
    at Function.Module._load (module.js:498:3)
    at Module.require (module.js:597:17)
    at require (internal/module.js:11:18)
[warn] ⚠  We were unable to load your functions code. (see above)
   - It appears your code is written in Typescript, which must be compiled before emulation.
   - You may be able to run "npm run build" in your functions directory to resolve this.
[debug] [2020-05-03T19:50:37.373Z] DEBUG: File /Users/bdidukh/WebstormProjects/tech-challenge/functions/src/__tests__/baskets/getTotal.test.ts changed, reloading triggers
[debug] [2020-05-03T19:50:37.778Z] DEBUG: File /Users/bdidukh/WebstormProjects/tech-challenge/functions/src/__tests__/baskets/getTotal.test.ts changed, reloading triggers
[debug] [2020-05-03T19:50:39.058Z] DEBUG: Functions runtime initialized.
[debug] [2020-05-03T19:50:39.059Z] DEBUG: Disabled runtime features: {"functions_config_helper":true,"network_filtering":true,"timeout":true,"memory_limiting":true,"protect_env":true,"admin_stubs":true}
[debug] [2020-05-03T19:50:39.126Z] DEBUG: firebase-admin has been stubbed.
[warn] ⚠  TypeError: _onRequestWithOpts is not a function
    at Object.httpsProvider._onRequestWithOpts (/usr/local/lib/node_modules/firebase-tools/lib/emulator/functionsEmulatorRuntime.js:231:24)
    at Object.httpsProvider.onRequest (/usr/local/lib/node_modules/firebase-tools/lib/emulator/functionsEmulatorRuntime.js:236:34)
    at Object.<anonymous> (/Users/bdidukh/WebstormProjects/tech-challenge/functions/lib/baskets/getTotal.js:4:38)
    at Module._compile (module.js:653:30)
    at Object.Module._extensions..js (module.js:664:10)
    at Module.load (module.js:566:32)
    at tryModuleLoad (module.js:506:12)
    at Function.Module._load (module.js:498:3)
    at Module.require (module.js:597:17)
    at require (internal/module.js:11:18)
[warn] ⚠  We were unable to load your functions code. (see above)
   - It appears your code is written in Typescript, which must be compiled before emulation.
   - You may be able to run "npm run build" in your functions directory to resolve this.
[debug] [2020-05-03T19:55:17.764Z] DEBUG: File /Users/bdidukh/WebstormProjects/tech-challenge/functions/src/__tests__/baskets/getTotal.test.ts changed, reloading triggers
[debug] [2020-05-03T19:55:17.764Z] DEBUG: File /Users/bdidukh/WebstormProjects/tech-challenge/functions/src/baskets/getTotal.ts changed, reloading triggers
[debug] [2020-05-03T19:55:18.278Z] DEBUG: File /Users/bdidukh/WebstormProjects/tech-challenge/functions/src/__tests__/baskets/getTotal.test.ts changed, reloading triggers
[debug] [2020-05-03T19:55:19.561Z] DEBUG: Functions runtime initialized.
[debug] [2020-05-03T19:55:19.561Z] DEBUG: Disabled runtime features: {"functions_config_helper":true,"network_filtering":true,"timeout":true,"memory_limiting":true,"protect_env":true,"admin_stubs":true}
[debug] [2020-05-03T19:55:19.628Z] DEBUG: firebase-admin has been stubbed.
[warn] ⚠  TypeError: _onRequestWithOpts is not a function
    at Object.httpsProvider._onRequestWithOpts (/usr/local/lib/node_modules/firebase-tools/lib/emulator/functionsEmulatorRuntime.js:231:24)
    at Object.httpsProvider.onRequest (/usr/local/lib/node_modules/firebase-tools/lib/emulator/functionsEmulatorRuntime.js:236:34)
    at Object.<anonymous> (/Users/bdidukh/WebstormProjects/tech-challenge/functions/lib/baskets/getTotal.js:4:38)
    at Module._compile (module.js:653:30)
    at Object.Module._extensions..js (module.js:664:10)
    at Module.load (module.js:566:32)
    at tryModuleLoad (module.js:506:12)
    at Function.Module._load (module.js:498:3)
    at Module.require (module.js:597:17)
    at require (internal/module.js:11:18)
[warn] ⚠  We were unable to load your functions code. (see above)
   - It appears your code is written in Typescript, which must be compiled before emulation.
   - You may be able to run "npm run build" in your functions directory to resolve this.
[debug] [2020-05-03T19:55:52.013Z] DEBUG: File /Users/bdidukh/WebstormProjects/tech-challenge/functions/src/__tests__/baskets/getTotal.test.ts changed, reloading triggers
[debug] [2020-05-03T19:55:53.284Z] DEBUG: Functions runtime initialized.
[debug] [2020-05-03T19:55:53.285Z] DEBUG: Disabled runtime features: {"functions_config_helper":true,"network_filtering":true,"timeout":true,"memory_limiting":true,"protect_env":true,"admin_stubs":true}
[debug] [2020-05-03T19:55:53.357Z] DEBUG: firebase-admin has been stubbed.
[warn] ⚠  TypeError: _onRequestWithOpts is not a function
    at Object.httpsProvider._onRequestWithOpts (/usr/local/lib/node_modules/firebase-tools/lib/emulator/functionsEmulatorRuntime.js:231:24)
    at Object.httpsProvider.onRequest (/usr/local/lib/node_modules/firebase-tools/lib/emulator/functionsEmulatorRuntime.js:236:34)
    at Object.<anonymous> (/Users/bdidukh/WebstormProjects/tech-challenge/functions/lib/baskets/getTotal.js:4:38)
    at Module._compile (module.js:653:30)
    at Object.Module._extensions..js (module.js:664:10)
    at Module.load (module.js:566:32)
    at tryModuleLoad (module.js:506:12)
    at Function.Module._load (module.js:498:3)
    at Module.require (module.js:597:17)
    at require (internal/module.js:11:18)
[warn] ⚠  We were unable to load your functions code. (see above)
   - It appears your code is written in Typescript, which must be compiled before emulation.
   - You may be able to run "npm run build" in your functions directory to resolve this.
[debug] [2020-05-03T19:56:30.161Z] DEBUG: File /Users/bdidukh/WebstormProjects/tech-challenge/functions/src/__tests__/baskets/getTotal.test.ts changed, reloading triggers
[debug] [2020-05-03T19:56:31.485Z] DEBUG: Functions runtime initialized.
[debug] [2020-05-03T19:56:31.486Z] DEBUG: Disabled runtime features: {"functions_config_helper":true,"network_filtering":true,"timeout":true,"memory_limiting":true,"protect_env":true,"admin_stubs":true}
[debug] [2020-05-03T19:56:31.556Z] DEBUG: firebase-admin has been stubbed.
[warn] ⚠  TypeError: _onRequestWithOpts is not a function
    at Object.httpsProvider._onRequestWithOpts (/usr/local/lib/node_modules/firebase-tools/lib/emulator/functionsEmulatorRuntime.js:231:24)
    at Object.httpsProvider.onRequest (/usr/local/lib/node_modules/firebase-tools/lib/emulator/functionsEmulatorRuntime.js:236:34)
    at Object.<anonymous> (/Users/bdidukh/WebstormProjects/tech-challenge/functions/lib/baskets/getTotal.js:4:38)
    at Module._compile (module.js:653:30)
    at Object.Module._extensions..js (module.js:664:10)
    at Module.load (module.js:566:32)
    at tryModuleLoad (module.js:506:12)
    at Function.Module._load (module.js:498:3)
    at Module.require (module.js:597:17)
    at require (internal/module.js:11:18)
[warn] ⚠  We were unable to load your functions code. (see above)
   - It appears your code is written in Typescript, which must be compiled before emulation.
   - You may be able to run "npm run build" in your functions directory to resolve this.
[debug] [2020-05-03T19:57:57.722Z] DEBUG: File /Users/bdidukh/WebstormProjects/tech-challenge/functions/src/baskets/getTotal.ts changed, reloading triggers
[debug] [2020-05-03T19:57:58.987Z] DEBUG: Functions runtime initialized.
[debug] [2020-05-03T19:57:58.988Z] DEBUG: Disabled runtime features: {"functions_config_helper":true,"network_filtering":true,"timeout":true,"memory_limiting":true,"protect_env":true,"admin_stubs":true}
[debug] [2020-05-03T19:57:59.055Z] DEBUG: firebase-admin has been stubbed.
[warn] ⚠  TypeError: _onRequestWithOpts is not a function
    at Object.httpsProvider._onRequestWithOpts (/usr/local/lib/node_modules/firebase-tools/lib/emulator/functionsEmulatorRuntime.js:231:24)
    at Object.httpsProvider.onRequest (/usr/local/lib/node_modules/firebase-tools/lib/emulator/functionsEmulatorRuntime.js:236:34)
    at Object.<anonymous> (/Users/bdidukh/WebstormProjects/tech-challenge/functions/lib/baskets/getTotal.js:4:38)
    at Module._compile (module.js:653:30)
    at Object.Module._extensions..js (module.js:664:10)
    at Module.load (module.js:566:32)
    at tryModuleLoad (module.js:506:12)
    at Function.Module._load (module.js:498:3)
    at Module.require (module.js:597:17)
    at require (internal/module.js:11:18)
[warn] ⚠  We were unable to load your functions code. (see above)
   - It appears your code is written in Typescript, which must be compiled before emulation.
   - You may be able to run "npm run build" in your functions directory to resolve this.
[debug] [2020-05-03T19:58:27.967Z] DEBUG: File /Users/bdidukh/WebstormProjects/tech-challenge/functions/src/baskets/getTotal.ts changed, reloading triggers
[debug] [2020-05-03T19:58:29.247Z] DEBUG: Functions runtime initialized.
[debug] [2020-05-03T19:58:29.248Z] DEBUG: Disabled runtime features: {"functions_config_helper":true,"network_filtering":true,"timeout":true,"memory_limiting":true,"protect_env":true,"admin_stubs":true}
[debug] [2020-05-03T19:58:29.320Z] DEBUG: firebase-admin has been stubbed.
[warn] ⚠  TypeError: _onRequestWithOpts is not a function
    at Object.httpsProvider._onRequestWithOpts (/usr/local/lib/node_modules/firebase-tools/lib/emulator/functionsEmulatorRuntime.js:231:24)
    at Object.httpsProvider.onRequest (/usr/local/lib/node_modules/firebase-tools/lib/emulator/functionsEmulatorRuntime.js:236:34)
    at Object.<anonymous> (/Users/bdidukh/WebstormProjects/tech-challenge/functions/lib/baskets/getTotal.js:4:38)
    at Module._compile (module.js:653:30)
    at Object.Module._extensions..js (module.js:664:10)
    at Module.load (module.js:566:32)
    at tryModuleLoad (module.js:506:12)
    at Function.Module._load (module.js:498:3)
    at Module.require (module.js:597:17)
    at require (internal/module.js:11:18)
[warn] ⚠  We were unable to load your functions code. (see above)
   - It appears your code is written in Typescript, which must be compiled before emulation.
   - You may be able to run "npm run build" in your functions directory to resolve this.
[debug] [2020-05-03T19:58:32.245Z] DEBUG: File /Users/bdidukh/WebstormProjects/tech-challenge/functions/src/__tests__/baskets/getTotal.test.ts changed, reloading triggers
[debug] [2020-05-03T19:58:33.502Z] DEBUG: Functions runtime initialized.
[debug] [2020-05-03T19:58:33.502Z] DEBUG: Disabled runtime features: {"functions_config_helper":true,"network_filtering":true,"timeout":true,"memory_limiting":true,"protect_env":true,"admin_stubs":true}
[debug] [2020-05-03T19:58:33.566Z] DEBUG: firebase-admin has been stubbed.
[warn] ⚠  TypeError: _onRequestWithOpts is not a function
    at Object.httpsProvider._onRequestWithOpts (/usr/local/lib/node_modules/firebase-tools/lib/emulator/functionsEmulatorRuntime.js:231:24)
    at Object.httpsProvider.onRequest (/usr/local/lib/node_modules/firebase-tools/lib/emulator/functionsEmulatorRuntime.js:236:34)
    at Object.<anonymous> (/Users/bdidukh/WebstormProjects/tech-challenge/functions/lib/baskets/getTotal.js:4:38)
    at Module._compile (module.js:653:30)
    at Object.Module._extensions..js (module.js:664:10)
    at Module.load (module.js:566:32)
    at tryModuleLoad (module.js:506:12)
    at Function.Module._load (module.js:498:3)
    at Module.require (module.js:597:17)
    at require (internal/module.js:11:18)
[warn] ⚠  We were unable to load your functions code. (see above)
   - It appears your code is written in Typescript, which must be compiled before emulation.
   - You may be able to run "npm run build" in your functions directory to resolve this.
